
  [32m[1mVITE[22m v7.3.2[39m  [2mready in [0m[1m776[22m[2m[0m ms[22m

  [32m➜[39m  [1mLocal[22m:   [36mhttp://localhost:[1m5173[22m/[39m
  [32m➜[39m  [1mNetwork[22m: [36mhttp://192.168.0.18:[1m5173[22m/[39m
[2m4:10:47 PM[22m [36m[1m[vite][22m[39m [90m[2m(client)[22m[39m [32mhmr update [39m[2m/src/index.css, /src/components/pill.tsx[22m
[2m4:10:47 PM[22m [36m[1m[vite][22m[39m [90m[2m(client)[22m[39m [32mhmr update [39m[2m/src/index.css, /src/components/toggle-pill.tsx[22m
[2m4:10:47 PM[22m [36m[1m[vite][22m[39m [90m[2m(client)[22m[39m [32mhmr update [39m[2m/src/index.css, /src/components/language-toggle.tsx, /src/components/dark-light-toggle.tsx, /src/components/ticket-route-map.tsx[22m
[2m4:10:47 PM[22m [36m[1m[vite][22m[39m [90m[2m(client)[22m[39m [32mhmr update [39m[2m/src/index.css, /src/components/baker-pill-button.tsx[22m
[2m4:10:47 PM[22m [36m[1m[vite][22m[39m [90m[2m(client)[22m[39m [32mhmr update [39m[2m/src/index.css, /src/components/brand-pill-button.tsx[22m
[2m4:10:47 PM[22m [36m[1m[vite][22m[39m [90m[2m(client)[22m[39m [32mhmr update [39m[2m/src/index.css, /src/components/employee-role-pill.tsx[22m
[2m4:10:47 PM[22m [36m[1m[vite][22m[39m [90m[2m(client)[22m[39m [32mhmr update [39m[2m/src/index.css, /src/components/hotlist-section.tsx[22m
[2m4:10:47 PM[22m [36m[1m[vite][22m[39m [90m[2m(client)[22m[39m [32mhmr update [39m[2m/src/index.css, /src/components/live-connection-pill.tsx[22m
[2m4:10:47 PM[22m [36m[1m[vite][22m[39m [90m[2m(client)[22m[39m [32mhmr update [39m[2m/src/index.css, /src/components/image-pill.tsx[22m
[2m4:10:47 PM[22m [36m[1m[vite][22m[39m [90m[2m(client)[22m[39m [32mhmr update [39m[2m/src/index.css, /src/components/role-pill.tsx[22m
[2m4:10:47 PM[22m [36m[1m[vite][22m[39m [90m[2m(client)[22m[39m [32mhmr update [39m[2m/src/index.css, /src/components/ticket-status-badge.tsx[22m
[2m4:10:47 PM[22m [36m[1m[vite][22m[39m [90m[2m(client)[22m[39m [32mhmr update [39m[2m/src/index.css, /src/components/toggle-pill.tsx[22m
[2m4:10:47 PM[22m [36m[1m[vite][22m[39m [90m[2m(client)[22m[39m [32mhmr update [39m[2m/src/index.css, /src/components/vertical-pill-bar-shape.tsx[22m
[2m4:13:10 PM[22m [36m[1m[vite][22m[39m [90m[2m(client)[22m[39m [32mhmr update [39m[2m/src/components/assistant-panel.tsx, /src/index.css[22m
[2m4:13:10 PM[22m [36m[1m[vite][22m[39m [90m[2m(client)[22m[39m [32mhmr update [39m[2m/src/index.css, /src/components/assistant-panel.tsx, /src/pages/vendor-detail.tsx, /src/pages/field-employees.tsx, /src/pages/login.tsx, /src/pages/partner-detail.tsx, /src/components/sidebar-button.tsx, /src/pages/bills-to-pay.tsx, /src/components/layout.tsx, /src/pages/visit-public.tsx, /src/pages/ticket-detail.tsx, /src/pages/notifications-inbox.tsx, /src/pages/notification-preferences.tsx, /src/pages/admin-1099-transmitter.tsx, /src/pages/admin-removed-comments.tsx, /src/pages/tickets.tsx, /src/pages/site-locations.tsx, /src/pages/field-employee-detail.tsx, /src/pages/onboarding-partner.tsx, /src/pages/onboarding-vendor.tsx, /src/pages/admin-vendor-merges.tsx, /src/pages/onboarding-field.tsx, /src/pages/admin-vndrly.tsx, /src/pages/admin-rate-limits.tsx, /src/pages/site-location-detail.tsx, /src/pages/invoice-detail.tsx, /src/pages/reports.tsx, /src/components/square-logo-crop-dialog.tsx, /src/components/portal-button.tsx, /src/components/green-button.tsx, /src/components/crew-time-section.tsx, /src/components/comments-panel.tsx, /src/components/schedule-ticket-dialog.tsx, /src/components/bulk-login-upload-dialog.tsx, /src/components/light-grey-red-button.tsx, /src/components/finish-setup-widget.tsx, /src/components/certifications-section.tsx, /src/components/onboarding-verification-banner.tsx, /src/components/onboarding-pill-button.tsx, /src/components/green-square-button.tsx, /src/components/orange-button.tsx, /src/components/go-to-page-form.tsx, /src/pages/reports/qb-mapping-audit.tsx, /src/pages/reports/csv-import-preview.tsx, /src/pages/reports/bulk-actions-history.tsx, /src/components/change-password-modal.tsx, /src/pages/field-home.tsx, /src/pages/billing-settings.tsx, /src/pages/field-new-ticket.tsx, /src/pages/signup.tsx, /src/pages/field-compliance.tsx, /src/pages/visit-detail.tsx, /src/pages/partners.tsx, /src/pages/invoices.tsx, /src/pages/visitor-entry.tsx, /src/pages/dashboard.tsx, /src/pages/crew-map.tsx, /src/pages/portal.tsx, /src/pages/vendor-catalog.tsx, /src/pages/visitors.tsx, /src/pages/field-profile.tsx, /src/pages/field-edit-profile.tsx, /src/pages/vendors.tsx, /src/pages/field-schedule.tsx, /src/pages/reset-password.tsx, /src/pages/statement.tsx, /src/pages/catalog.tsx, /src/pages/forgot-password.tsx, /src/components/refer-to-vndrly-dialog.tsx, /src/components/vendor-partner-relationships-card.tsx, /src/components/org-members-card.tsx, /src/components/brand-zoom-control.tsx, /src/components/ticket-status-action-pill.tsx, /src/components/account-actions.tsx, /src/components/compliance-card.tsx, /src/components/partner-vendor-approvals-card.tsx, /src/components/ticket-status-toggle-pill.tsx[22m
[2m4:13:10 PM[22m [36m[1m[vite][22m[39m [90m[2m(client)[22m[39m [32mhmr update [39m[2m/src/pages/field-employees.tsx, /src/index.css[22m
[2m4:13:10 PM[22m [36m[1m[vite][22m[39m [90m[2m(client)[22m[39m [32mhmr update [39m[2m/src/pages/login.tsx, /src/index.css[22m
[2m4:13:10 PM[22m [36m[1m[vite][22m[39m [90m[2m(client)[22m[39m [32mhmr update [39m[2m/src/index.css, /src/components/assistant-panel.tsx, /src/pages/bills-to-pay.tsx, /src/components/layout.tsx, /src/pages/vendor-detail.tsx, /src/pages/visit-public.tsx, /src/pages/ticket-detail.tsx, /src/pages/field-employees.tsx, /src/pages/notifications-inbox.tsx, /src/pages/notification-preferences.tsx, /src/pages/admin-1099-transmitter.tsx, /src/pages/admin-removed-comments.tsx, /src/pages/tickets.tsx, /src/pages/site-locations.tsx, /src/pages/field-employee-detail.tsx, /src/pages/onboarding-partner.tsx, /src/pages/onboarding-vendor.tsx, /src/pages/admin-vendor-merges.tsx, /src/pages/onboarding-field.tsx, /src/pages/partner-detail.tsx, /src/pages/admin-vndrly.tsx, /src/pages/admin-rate-limits.tsx, /src/pages/site-location-detail.tsx, /src/pages/invoice-detail.tsx, /src/pages/reports.tsx, /src/components/square-logo-crop-dialog.tsx, /src/components/portal-button.tsx, /src/components/green-button.tsx, /src/components/crew-time-section.tsx, /src/components/comments-panel.tsx, /src/components/schedule-ticket-dialog.tsx, /src/components/bulk-login-upload-dialog.tsx, /src/components/light-grey-red-button.tsx, /src/components/finish-setup-widget.tsx, /src/components/certifications-section.tsx, /src/components/onboarding-verification-banner.tsx, /src/components/onboarding-pill-button.tsx, /src/components/green-square-button.tsx, /src/components/orange-button.tsx, /src/components/go-to-page-form.tsx, /src/pages/reports/qb-mapping-audit.tsx, /src/pages/reports/csv-import-preview.tsx, /src/pages/reports/bulk-actions-history.tsx[22m
[2m4:13:10 PM[22m [36m[1m[vite][22m[39m [90m[2m(client)[22m[39m [32mhmr update [39m[2m/src/index.css, /src/components/sidebar-button.tsx[22m
[2m4:13:10 PM[22m [36m[1m[vite][22m[39m [90m[2m(client)[22m[39m [32mhmr update [39m[2m/src/index.css, /src/components/change-password-modal.tsx, /src/pages/field-home.tsx, /src/pages/billing-settings.tsx, /src/pages/vendor-detail.tsx, /src/pages/field-new-ticket.tsx, /src/pages/visit-public.tsx, /src/pages/signup.tsx, /src/pages/field-compliance.tsx, /src/pages/visit-detail.tsx, /src/pages/partners.tsx, /src/pages/ticket-detail.tsx, /src/pages/field-employees.tsx, /src/pages/invoices.tsx, /src/pages/visitor-entry.tsx, /src/pages/dashboard.tsx, /src/pages/crew-map.tsx, /src/pages/portal.tsx, /src/pages/vendor-catalog.tsx, /src/pages/visitors.tsx, /src/pages/field-profile.tsx, /src/pages/field-edit-profile.tsx, /src/pages/tickets.tsx, /src/pages/site-locations.tsx, /src/pages/vendors.tsx, /src/pages/field-schedule.tsx, /src/pages/reset-password.tsx, /src/pages/field-employee-detail.tsx, /src/pages/statement.tsx, /src/pages/onboarding-partner.tsx, /src/pages/onboarding-field.tsx, /src/pages/catalog.tsx, /src/pages/partner-detail.tsx, /src/pages/admin-vndrly.tsx, /src/pages/forgot-password.tsx, /src/pages/site-location-detail.tsx, /src/pages/invoice-detail.tsx, /src/pages/reports.tsx, /src/components/refer-to-vndrly-dialog.tsx, /src/components/vendor-partner-relationships-card.tsx, /src/components/org-members-card.tsx, /src/components/brand-zoom-control.tsx, /src/components/ticket-status-action-pill.tsx, /src/components/comments-panel.tsx, /src/components/schedule-ticket-dialog.tsx, /src/components/bulk-login-upload-dialog.tsx, /src/components/account-actions.tsx, /src/components/certifications-section.tsx, /src/components/compliance-card.tsx, /src/components/partner-vendor-approvals-card.tsx, /src/components/ticket-status-toggle-pill.tsx[22m
[2m4:29:47 PM[22m [36m[1m[vite][22m[39m [90m[2m(client)[22m[39m [32mhmr update [39m[2m/src/index.css, /src/components/baker-pill-button.tsx[22m
[2m4:29:47 PM[22m [36m[1m[vite][22m[39m [90m[2m(client)[22m[39m [32mhmr update [39m[2m/src/index.css, /src/components/brand-pill.tsx[22m
[2m4:29:47 PM[22m [36m[1m[vite][22m[39m [90m[2m(client)[22m[39m [32mhmr update [39m[2m/src/index.css, /src/components/brand-pill-button.tsx[22m
[2m4:29:47 PM[22m [36m[1m[vite][22m[39m [90m[2m(client)[22m[39m [32mhmr update [39m[2m/src/index.css, /src/components/comments-panel.tsx[22m
[2m4:29:47 PM[22m [36m[1m[vite][22m[39m [90m[2m(client)[22m[39m [32mhmr update [39m[2m/src/pages/catalog.tsx, /src/index.css[22m
[2m4:29:47 PM[22m [36m[1m[vite][22m[39m [90m[2m(client)[22m[39m [32mhmr update [39m[2m/src/index.css, /src/components/crew-time-section.tsx[22m
[2m4:29:47 PM[22m [36m[1m[vite][22m[39m [90m[2m(client)[22m[39m [32mhmr update [39m[2m/src/index.css, /src/components/crew-time-section.tsx[22m
[2m4:29:47 PM[22m [36m[1m[vite][22m[39m [90m[2m(client)[22m[39m [32mhmr update [39m[2m/src/index.css, /src/components/employee-role-pill.tsx[22m
[2m4:29:47 PM[22m [36m[1m[vite][22m[39m [90m[2m(client)[22m[39m [32mhmr update [39m[2m/src/index.css, /src/components/hotlist-section.tsx[22m
[2m4:29:47 PM[22m [36m[1m[vite][22m[39m [90m[2m(client)[22m[39m [32mhmr update [39m[2m/src/index.css, /src/components/image-pill.tsx[22m
[2m4:29:47 PM[22m [36m[1m[vite][22m[39m [90m[2m(client)[22m[39m [32mhmr update [39m[2m/src/index.css, /src/components/language-toggle.tsx, /src/components/dark-light-toggle.tsx, /src/components/ticket-route-map.tsx[22m
[2m4:29:47 PM[22m [36m[1m[vite][22m[39m [90m[2m(client)[22m[39m [32mhmr update [39m[2m/src/pages/vendor-catalog.tsx, /src/index.css[22m
[2m4:29:47 PM[22m [36m[1m[vite][22m[39m [90m[2m(client)[22m[39m [32mhmr update [39m[2m/src/index.css, /src/components/pill.tsx[22m
[2m4:29:47 PM[22m [36m[1m[vite][22m[39m [90m[2m(client)[22m[39m [32mhmr update [39m[2m/src/index.css, /src/components/role-pill.tsx[22m
[2m4:29:47 PM[22m [36m[1m[vite][22m[39m [90m[2m(client)[22m[39m [32mhmr update [39m[2m/src/index.css, /src/components/vertical-pill-bar-shape.tsx[22m
[2m4:29:47 PM[22m [36m[1m[vite][22m[39m [90m[2m(client)[22m[39m [32mhmr update [39m[2m/src/index.css, /src/components/ticket-status-badge.tsx[22m
[2m4:29:47 PM[22m [36m[1m[vite][22m[39m [90m[2m(client)[22m[39m [32mhmr update [39m[2m/src/index.css, /src/components/toggle-pill.tsx[22m
[2m4:29:54 PM[22m [36m[1m[vite][22m[39m [90m[2m(client)[22m[39m [33mhmr invalidate [39m[2m/src/components/baker-pill-button.tsx[22m Could not Fast Refresh ("pickPillForBrand" export is incompatible). Learn more at https://github.com/vitejs/vite-plugin-react/tree/main/packages/plugin-react#consistent-components-exports
[2m4:29:54 PM[22m [36m[1m[vite][22m[39m [90m[2m(client)[22m[39m [32mhmr update [39m[2m/src/components/assistant-panel.tsx, /src/pages/vendor-detail.tsx, /src/pages/field-employees.tsx, /src/pages/login.tsx, /src/pages/partner-detail.tsx, /src/components/sidebar-button.tsx, /src/components/pill.tsx, /src/components/toggle-pill.tsx[22m
[2m4:41:10 PM[22m [36m[1m[vite][22m[39m [90m[2m(client)[22m[39m [32mhmr update [39m[2m/src/index.css, /src/components/baker-pill-button.tsx[22m
[2m4:41:10 PM[22m [36m[1m[vite][22m[39m [90m[2m(client)[22m[39m [32mhmr update [39m[2m/src/index.css, /src/components/pill.tsx[22m
[2m4:41:10 PM[22m [36m[1m[vite][22m[39m [90m[2m(client)[22m[39m [32mhmr update [39m[2m/src/index.css, /src/components/sidebar-button.tsx[22m
[2m4:41:10 PM[22m [36m[1m[vite][22m[39m [90m[2m(client)[22m[39m [32mhmr update [39m[2m/src/index.css, /src/components/toggle-pill.tsx[22m
[2m4:41:10 PM[22m [36m[1m[vite][22m[39m [90m[2m(client)[22m[39m [32mhmr update [39m[2m/src/components/assistant-panel.tsx, /src/index.css[22m
[2m4:41:11 PM[22m [36m[1m[vite][22m[39m [90m[2m(client)[22m[39m [33mhmr invalidate [39m[2m/src/components/baker-pill-button.tsx[22m Could not Fast Refresh ("pickPillForBrand" export is incompatible). Learn more at https://github.com/vitejs/vite-plugin-react/tree/main/packages/plugin-react#consistent-components-exports
[2m4:41:11 PM[22m [36m[1m[vite][22m[39m [90m[2m(client)[22m[39m [32mhmr update [39m[2m/src/components/assistant-panel.tsx, /src/pages/vendor-detail.tsx, /src/pages/field-employees.tsx, /src/pages/login.tsx, /src/pages/partner-detail.tsx, /src/components/sidebar-button.tsx, /src/components/pill.tsx, /src/components/toggle-pill.tsx[22m
[2m4:49:22 PM[22m [36m[1m[vite][22m[39m [90m[2m(client)[22m[39m [32mhmr update [39m[2m/src/components/assistant-panel.tsx, /src/index.css[22m
[2m4:49:22 PM[22m [36m[1m[vite][22m[39m [90m[2m(client)[22m[39m [32mhmr update [39m[2m/src/index.css, /src/components/pill.tsx[22m
[2m4:49:22 PM[22m [36m[1m[vite][22m[39m [90m[2m(client)[22m[39m [32mhmr update [39m[2m/src/index.css, /src/components/toggle-pill.tsx[22m
[2m4:49:22 PM[22m [36m[1m[vite][22m[39m [90m[2m(client)[22m[39m [32mhmr update [39m[2m/src/index.css, /src/components/sidebar-button.tsx[22m
[2m4:51:26 PM[22m [36m[1m[vite][22m[39m [90m[2m(client)[22m[39m [32mhmr update [39m[2m/src/index.css, /src/components/baker-pill-button.tsx[22m
[2m4:51:26 PM[22m [36m[1m[vite][22m[39m [90m[2m(client)[22m[39m [32mhmr update [39m[2m/src/index.css, /src/components/pill.tsx[22m
[2m4:51:27 PM[22m [36m[1m[vite][22m[39m [90m[2m(client)[22m[39m [32mhmr update [39m[2m/src/index.css, /src/components/sidebar-button.tsx[22m
[2m4:51:27 PM[22m [36m[1m[vite][22m[39m [90m[2m(client)[22m[39m [32mhmr update [39m[2m/src/index.css, /src/components/toggle-pill.tsx[22m
[2m4:51:27 PM[22m [36m[1m[vite][22m[39m [90m[2m(client)[22m[39m [32mhmr update [39m[2m/src/components/assistant-panel.tsx, /src/index.css[22m
[2m4:51:28 PM[22m [36m[1m[vite][22m[39m [90m[2m(client)[22m[39m [33mhmr invalidate [39m[2m/src/components/baker-pill-button.tsx[22m Could not Fast Refresh ("pickPillForBrand" export is incompatible). Learn more at https://github.com/vitejs/vite-plugin-react/tree/main/packages/plugin-react#consistent-components-exports
[2m4:51:28 PM[22m [36m[1m[vite][22m[39m [90m[2m(client)[22m[39m [32mhmr update [39m[2m/src/components/assistant-panel.tsx, /src/pages/vendor-detail.tsx, /src/pages/field-employees.tsx, /src/pages/login.tsx, /src/pages/partner-detail.tsx, /src/components/sidebar-button.tsx, /src/components/pill.tsx, /src/components/toggle-pill.tsx[22m
[2m4:52:54 PM[22m [36m[1m[vite][22m[39m [90m[2m(client)[22m[39m [32mhmr update [39m[2m/src/index.css, /src/components/baker-pill-button.tsx[22m
[2m4:52:55 PM[22m [36m[1m[vite][22m[39m [90m[2m(client)[22m[39m [33mhmr invalidate [39m[2m/src/components/baker-pill-button.tsx[22m Could not Fast Refresh ("pickPillForBrand" export is incompatible). Learn more at https://github.com/vitejs/vite-plugin-react/tree/main/packages/plugin-react#consistent-components-exports
[2m4:52:55 PM[22m [36m[1m[vite][22m[39m [90m[2m(client)[22m[39m [32mhmr update [39m[2m/src/components/assistant-panel.tsx, /src/pages/vendor-detail.tsx, /src/pages/field-employees.tsx, /src/pages/login.tsx, /src/pages/partner-detail.tsx, /src/components/sidebar-button.tsx, /src/components/pill.tsx, /src/components/toggle-pill.tsx[22m
[2m5:11:24 PM[22m [36m[1m[vite][22m[39m [90m[2m(client)[22m[39m [32mhmr update [39m[2m/src/components/assistant-panel.tsx, /src/index.css[22m
[2m5:11:24 PM[22m [36m[1m[vite][22m[39m [90m[2m(client)[22m[39m [32mhmr update [39m[2m/src/index.css, /src/components/pill.tsx[22m
[2m5:11:24 PM[22m [36m[1m[vite][22m[39m [90m[2m(client)[22m[39m [32mpage reload [39m[2msrc/components/toggle-pill.tsx[22m
[2m5:11:24 PM[22m [36m[1m[vite][22m[39m [90m[2m(client)[22m[39m [32mhmr update [39m[2m/src/index.css, /src/components/sidebar-button.tsx[22m
[2m5:11:24 PM[22m [36m[1m[vite][22m[39m [90m[2m(client)[22m[39m [33mhmr invalidate [39m[2m/src/components/assistant-panel.tsx[22m Could not Fast Refresh ("detectSignupBrowserLanguage" export is incompatible). Learn more at https://github.com/vitejs/vite-plugin-react/tree/main/packages/plugin-react#consistent-components-exports
[2m5:11:25 PM[22m [36m[1m[vite][22m[39m [90m[2m(client)[22m[39m [32mhmr update [39m[2m/src/App.tsx[22m
[2m5:14:21 PM[22m [36m[1m[vite][22m[39m [90m[2m(client)[22m[39m [32mhmr update [39m[2m/src/components/assistant-panel.tsx, /src/index.css[22m
[2m5:14:21 PM[22m [36m[1m[vite][22m[39m [90m[2m(client)[22m[39m [32mhmr update [39m[2m/src/index.css, /src/components/pill.tsx[22m
[2m5:14:21 PM[22m [36m[1m[vite][22m[39m [90m[2m(client)[22m[39m [32mhmr update [39m[2m/src/index.css, /src/components/sidebar-button.tsx[22m
[2m5:14:21 PM[22m [36m[1m[vite][22m[39m [90m[2m(client)[22m[39m [32mpage reload [39m[2msrc/components/toggle-pill.tsx[22m
[2m5:15:15 PM[22m [36m[1m[vite][22m[39m [90m[2m(client)[22m[39m [32mhmr update [39m[2m/src/components/assistant-panel.tsx, /src/index.css[22m
[2m5:18:01 PM[22m [36m[1m[vite][22m[39m [90m[2m(client)[22m[39m [32mhmr update [39m[2m/src/components/assistant-panel.tsx, /src/index.css[22m
[2m5:18:01 PM[22m [36m[1m[vite][22m[39m [90m[2m(client)[22m[39m [32mhmr update [39m[2m/src/index.css, /src/components/pill.tsx[22m
[2m5:18:01 PM[22m [36m[1m[vite][22m[39m [90m[2m(client)[22m[39m [32mpage reload [39m[2msrc/components/toggle-pill.tsx[22m
[2m5:18:01 PM[22m [36m[1m[vite][22m[39m [90m[2m(client)[22m[39m [32mhmr update [39m[2m/src/index.css, /src/components/sidebar-button.tsx[22m
[2m5:18:42 PM[22m [36m[1m[vite][22m[39m [90m[2m(client)[22m[39m [32mhmr update [39m[2m/src/components/assistant-panel.tsx, /src/index.css[22m
[2m5:18:42 PM[22m [36m[1m[vite][22m[39m [90m[2m(client)[22m[39m [32mhmr update [39m[2m/src/index.css, /src/components/pill.tsx[22m
[2m5:18:42 PM[22m [36m[1m[vite][22m[39m [90m[2m(client)[22m[39m [32mpage reload [39m[2msrc/components/toggle-pill.tsx[22m
[2m5:18:42 PM[22m [36m[1m[vite][22m[39m [90m[2m(client)[22m[39m [32mhmr update [39m[2m/src/index.css, /src/components/sidebar-button.tsx[22m
[2m5:24:26 PM[22m [36m[1m[vite][22m[39m [90m[2m(client)[22m[39m [32mpage reload [39m[2msrc/components/toggle-pill.tsx[22m
[2m5:24:26 PM[22m [36m[1m[vite][22m[39m [90m[2m(client)[22m[39m [32mhmr update [39m[2m/src/index.css, /src/components/live-connection-pill.tsx[22m
[2m5:24:53 PM[22m [36m[1m[vite][22m[39m [90m[2m(client)[22m[39m [32mpage reload [39m[2msrc/components/toggle-pill.tsx[22m
[2m5:31:47 PM[22m [36m[1m[vite][22m[39m [90m[2m(client)[22m[39m [32mhmr update [39m[2m/src/index.css[22m
[2m5:33:48 PM[22m [36m[1m[vite][22m[39m [90m[2m(client)[22m[39m [32mhmr update [39m[2m/src/index.css[22m
[2m5:36:27 PM[22m [36m[1m[vite][22m[39m [90m[2m(client)[22m[39m [32mpage reload [39m[2msrc/components/toggle-pill.tsx[22m
[2m5:36:27 PM[22m [36m[1m[vite][22m[39m [90m[2m(client)[22m[39m [32mhmr update [39m[2m/src/index.css, /src/components/hotlist-section.tsx[22m
[2m5:37:27 PM[22m [36m[1m[vite][22m[39m [90m[2m(client)[22m[39m [32mpage reload [39m[2msrc/components/toggle-pill.tsx[22m
[2m5:40:55 PM[22m [36m[1m[vite][22m[39m [90m[2m(client)[22m[39m [32mhmr update [39m[2m/src/index.css, /src/components/hotlist-section.tsx[22m
[2m5:41:29 PM[22m [36m[1m[vite][22m[39m [90m[2m(client)[22m[39m [32mhmr update [39m[2m/src/index.css, /src/components/hotlist-section.tsx[22m
[2m5:41:48 PM[22m [36m[1m[vite][22m[39m [90m[2m(client)[22m[39m [32mhmr update [39m[2m/src/index.css, /src/components/hotlist-section.tsx[22m
[2m5:44:40 PM[22m [36m[1m[vite][22m[39m [90m[2m(client)[22m[39m [32mpage reload [39m[2msrc/components/toggle-pill.tsx[22m
[2m5:44:40 PM[22m [36m[1m[vite][22m[39m [90m[2m(client)[22m[39m [32mhmr update [39m[2m/src/index.css, /src/components/hotlist-section.tsx[22m
[2m5:46:18 PM[22m [36m[1m[vite][22m[39m [90m[2m(client)[22m[39m [32mpage reload [39m[2msrc/components/toggle-pill.tsx[22m
[2m5:46:49 PM[22m [36m[1m[vite][22m[39m [90m[2m(client)[22m[39m [32mpage reload [39m[2msrc/components/toggle-pill.tsx[22m
[2m6:08:26 PM[22m [36m[1m[vite][22m[39m [90m[2m(client)[22m[39m [32mhmr update [39m[2m/src/pages/dashboard.tsx, /src/index.css[22m
[2m6:15:59 PM[22m [36m[1m[vite][22m[39m [90m[2m(client)[22m[39m [32mhmr update [39m[2m/src/pages/dashboard.tsx, /src/index.css[22m
[2m6:16:15 PM[22m [36m[1m[vite][22m[39m [90m[2m(client)[22m[39m [32mhmr update [39m[2m/src/pages/dashboard.tsx, /src/index.css[22m
[2m6:16:40 PM[22m [36m[1m[vite][22m[39m [90m[2m(client)[22m[39m [32mhmr update [39m[2m/src/pages/dashboard.tsx, /src/index.css[22m
[2m6:16:53 PM[22m [36m[1m[vite][22m[39m [90m[2m(client)[22m[39m [32mhmr update [39m[2m/src/pages/dashboard.tsx, /src/index.css[22m
[2m6:17:26 PM[22m [36m[1m[vite][22m[39m [90m[2m(client)[22m[39m [32mhmr update [39m[2m/src/pages/dashboard.tsx, /src/index.css[22m
[2m6:24:16 PM[22m [36m[1m[vite][22m[39m [90m[2m(client)[22m[39m [32mhmr update [39m[2m/src/pages/dashboard.tsx, /src/index.css[22m
[2m6:25:15 PM[22m [36m[1m[vite][22m[39m [90m[2m(client)[22m[39m [32mhmr update [39m[2m/src/components/assistant-panel.tsx, /src/index.css[22m
[2m6:25:19 PM[22m [36m[1m[vite][22m[39m [90m[2m(client)[22m[39m [33mhmr invalidate [39m[2m/src/components/assistant-panel.tsx[22m Could not Fast Refresh ("detectSignupBrowserLanguage" export is incompatible). Learn more at https://github.com/vitejs/vite-plugin-react/tree/main/packages/plugin-react#consistent-components-exports
[2m6:25:19 PM[22m [36m[1m[vite][22m[39m [90m[2m(client)[22m[39m [32mhmr update [39m[2m/src/App.tsx[22m
[2m6:27:46 PM[22m [36m[1m[vite][22m[39m [90m[2m(client)[22m[39m [32mhmr update [39m[2m/src/components/assistant-panel.tsx, /src/index.css[22m
[2m6:27:50 PM[22m [36m[1m[vite][22m[39m [90m[2m(client)[22m[39m [33mhmr invalidate [39m[2m/src/components/assistant-panel.tsx[22m Could not Fast Refresh ("detectSignupBrowserLanguage" export is incompatible). Learn more at https://github.com/vitejs/vite-plugin-react/tree/main/packages/plugin-react#consistent-components-exports
[2m6:27:50 PM[22m [36m[1m[vite][22m[39m [90m[2m(client)[22m[39m [32mhmr update [39m[2m/src/App.tsx[22m
[2m6:28:14 PM[22m [36m[1m[vite][22m[39m [90m[2m(client)[22m[39m [32mhmr update [39m[2m/src/components/assistant-panel.tsx, /src/index.css[22m
[2m6:28:19 PM[22m [36m[1m[vite][22m[39m [90m[2m(client)[22m[39m [33mhmr invalidate [39m[2m/src/components/assistant-panel.tsx[22m Could not Fast Refresh ("detectSignupBrowserLanguage" export is incompatible). Learn more at https://github.com/vitejs/vite-plugin-react/tree/main/packages/plugin-react#consistent-components-exports
[2m6:28:19 PM[22m [36m[1m[vite][22m[39m [90m[2m(client)[22m[39m [32mhmr update [39m[2m/src/App.tsx[22m
[2m6:39:09 PM[22m [36m[1m[vite][22m[39m [90m[2m(client)[22m[39m [32mhmr update [39m[2m/src/pages/dashboard.tsx, /src/components/ticket-status-badge.tsx, /src/components/ticket-status-action-pill.tsx, /src/components/ticket-status-toggle-pill.tsx[22m
[2m6:39:59 PM[22m [36m[1m[vite][22m[39m [90m[2m(client)[22m[39m [32mhmr update [39m[2m/src/index.css, /src/components/ticket-status-badge.tsx[22m
[2m6:40:26 PM[22m [36m[1m[vite][22m[39m [90m[2m(client)[22m[39m [32mhmr update [39m[2m/src/index.css, /src/components/ticket-status-toggle-pill.tsx[22m
[2m6:40:52 PM[22m [36m[1m[vite][22m[39m [90m[2m(client)[22m[39m [32mhmr update [39m[2m/src/index.css, /src/components/vertical-pill-bar-shape.tsx[22m
[2m6:41:44 PM[22m [36m[1m[vite][22m[39m [90m[2m(client)[22m[39m [32mhmr update [39m[2m/src/index.css, /src/components/vertical-pill-bar-shape.tsx[22m
[2m6:43:29 PM[22m [36m[1m[vite][22m[39m [90m[2m(client)[22m[39m [32mhmr update [39m[2m/src/index.css, /src/components/ticket-status-badge.tsx[22m
[2m6:43:29 PM[22m [36m[1m[vite][22m[39m [90m[2m(client)[22m[39m [32mhmr update [39m[2m/src/index.css, /src/components/ticket-status-badge.tsx[22m
[2m6:51:17 PM[22m [36m[1m[vite][22m[39m [90m[2m(client)[22m[39m [32mhmr update [39m[2m/src/pages/dashboard.tsx, /src/components/ticket-status-badge.tsx, /src/components/ticket-status-action-pill.tsx, /src/components/ticket-status-toggle-pill.tsx, /src/components/vertical-pill-bar-shape.tsx[22m
[2m6:51:49 PM[22m [36m[1m[vite][22m[39m [90m[2m(client)[22m[39m [32mhmr update [39m[2m/src/index.css, /src/components/ticket-status-toggle-pill.tsx[22m
[2m6:51:49 PM[22m [36m[1m[vite][22m[39m [90m[2m(client)[22m[39m [32mhmr update [39m[2m/src/index.css, /src/components/ticket-status-toggle-pill.tsx[22m
[2m6:57:05 PM[22m [36m[1m[vite][22m[39m [90m[2m(client)[22m[39m [32mhmr update [39m[2m/src/pages/reports.tsx[22m
[2m6:57:17 PM[22m [36m[1m[vite][22m[39m [90m[2m(client)[22m[39m [32mhmr update [39m[2m/src/hooks/use-brand.tsx, /src/pages/billing-settings.tsx, /src/components/layout.tsx, /src/pages/vendor-detail.tsx, /src/pages/field-new-ticket.tsx, /src/pages/site-map.tsx, /src/pages/partners.tsx, /src/pages/ticket-detail.tsx, /src/pages/field-employees.tsx, /src/pages/print-visitor-qrs.tsx, /src/pages/print-hotlist.tsx, /src/pages/print-ticket.tsx, /src/pages/dashboard.tsx, /src/pages/vendor-analytics.tsx, /src/pages/crew-map.tsx, /src/pages/portal.tsx, /src/pages/verify-employee.tsx, /src/pages/vendor-catalog.tsx, /src/pages/admin-1099-transmitter.tsx, /src/pages/visitors.tsx, /src/pages/tickets.tsx, /src/pages/site-locations.tsx, /src/pages/vendors.tsx, /src/pages/field-employee-detail.tsx, /src/pages/admin-vendor-merges.tsx, /src/pages/print-visitor-qr.tsx, /src/pages/catalog.tsx, /src/pages/partner-detail.tsx, /src/pages/admin-vndrly.tsx, /src/pages/partner-analytics.tsx, /src/pages/site-location-detail.tsx, /src/pages/reports.tsx, /src/components/ui/dialog.tsx, /src/components/crew-time-section.tsx, /src/components/schedule-ticket-dialog.tsx, /src/components/org-members-card.tsx, /src/components/bulk-login-upload-dialog.tsx, /src/components/hotlist-section.tsx, /src/components/status-badge.tsx, /src/components/certifications-section.tsx, /src/components/compliance-card.tsx[22m
[2m6:57:20 PM[22m [36m[1m[vite][22m[39m [90m[2m(client)[22m[39m [33mhmr invalidate [39m[2m/src/hooks/use-brand.tsx[22m Could not Fast Refresh ("brandStyleVars" export is incompatible). Learn more at https://github.com/vitejs/vite-plugin-react/tree/main/packages/plugin-react#consistent-components-exports
[2m6:57:20 PM[22m [36m[1m[vite][22m[39m [90m[2m(client)[22m[39m [32mhmr update [39m[2m/src/App.tsx, /src/components/assistant-panel.tsx, /src/components/layout.tsx, /src/pages/vendor-detail.tsx, /src/pages/visit-public.tsx, /src/pages/visit-detail.tsx, /src/pages/partners.tsx, /src/pages/ticket-detail.tsx, /src/pages/field-employees.tsx, /src/pages/dashboard.tsx, /src/pages/vendor-analytics.tsx, /src/pages/portal.tsx, /src/pages/tickets.tsx, /src/pages/vendors.tsx, /src/pages/login.tsx, /src/pages/partner-detail.tsx, /src/pages/partner-analytics.tsx, /src/pages/site-location-detail.tsx, /src/components/language-toggle.tsx, /src/components/dark-light-toggle.tsx, /src/components/baker-pill-button.tsx, /src/components/sidebar-button.tsx, /src/components/pill.tsx, /src/components/toggle-pill.tsx, /src/components/ticket-route-map.tsx, /src/components/finish-setup-widget.tsx, /src/components/toggle-pill.tsx?t=1779037916[22m
[2m6:57:20 PM[22m [36m[1m[vite][22m[39m [90m[2m(client)[22m[39m [33mhmr invalidate [39m[2m/src/pages/reports.tsx[22m Could not Fast Refresh ("buildEditedCsv" export is incompatible). Learn more at https://github.com/vitejs/vite-plugin-react/tree/main/packages/plugin-react#consistent-components-exports
[2m6:57:20 PM[22m [36m[1m[vite][22m[39m [90m[2m(client)[22m[39m [32mhmr update [39m[2m/src/App.tsx[22m
[2m6:57:20 PM[22m [36m[1m[vite][22m[39m [90m[2m(client)[22m[39m [33mhmr invalidate [39m[2m/src/components/bulk-login-upload-dialog.tsx[22m Could not Fast Refresh ("parseBulkLoginCsv" export is incompatible). Learn more at https://github.com/vitejs/vite-plugin-react/tree/main/packages/plugin-react#consistent-components-exports
[2m6:57:20 PM[22m [36m[1m[vite][22m[39m [90m[2m(client)[22m[39m [32mhmr update [39m[2m/src/pages/field-employees.tsx[22m
[2m6:57:46 PM[22m [36m[1m[vite][22m[39m [90m[2m(client)[22m[39m [33mhmr invalidate [39m[2m/src/components/assistant-panel.tsx[22m Could not Fast Refresh ("detectSignupBrowserLanguage" export is incompatible). Learn more at https://github.com/vitejs/vite-plugin-react/tree/main/packages/plugin-react#consistent-components-exports
[2m6:57:46 PM[22m [36m[1m[vite][22m[39m [90m[2m(client)[22m[39m [32mhmr update [39m[2m/src/App.tsx[22m
[2m6:58:46 PM[22m [36m[1m[vite][22m[39m [90m[2m(client)[22m[39m [32mhmr update [39m[2m/src/pages/dashboard.tsx, /src/index.css[22m
[2m6:59:43 PM[22m [36m[1m[vite][22m[39m [90m[2m(client)[22m[39m [32mhmr update [39m[2m/src/pages/dashboard.tsx, /src/index.css[22m
[2m6:59:43 PM[22m [36m[1m[vite][22m[39m [90m[2m(client)[22m[39m [32mhmr update [39m[2m/src/pages/dashboard.tsx, /src/index.css[22m
[2m7:00:54 PM[22m [36m[1m[vite][22m[39m [90m[2m(client)[22m[39m [32mhmr update [39m[2m/src/pages/dashboard.tsx, /src/index.css[22m
[2m7:00:54 PM[22m [36m[1m[vite][22m[39m [90m[2m(client)[22m[39m [32mhmr update [39m[2m/src/pages/dashboard.tsx, /src/index.css[22m
[2m7:01:13 PM[22m [36m[1m[vite][22m[39m [90m[2m(client)[22m[39m [32mhmr update [39m[2m/src/pages/dashboard.tsx, /src/index.css[22m
[2m7:09:28 PM[22m [36m[1m[vite][22m[39m [90m[2m(client)[22m[39m [32mhmr update [39m[2m/src/pages/dashboard.tsx, /src/index.css[22m
[2m7:09:28 PM[22m [36m[1m[vite][22m[39m [90m[2m(client)[22m[39m [32mhmr update [39m[2m/src/pages/dashboard.tsx, /src/index.css[22m
[2m7:10:16 PM[22m [36m[1m[vite][22m[39m [90m[2m(client)[22m[39m [32mhmr update [39m[2m/src/pages/reports.tsx[22m
[2m7:10:34 PM[22m [36m[1m[vite][22m[39m [90m[2m(client)[22m[39m [32mhmr update [39m[2m/src/hooks/use-brand.tsx, /src/pages/billing-settings.tsx, /src/components/layout.tsx, /src/pages/vendor-detail.tsx, /src/pages/field-new-ticket.tsx, /src/pages/site-map.tsx, /src/pages/partners.tsx, /src/pages/ticket-detail.tsx, /src/pages/field-employees.tsx, /src/pages/print-visitor-qrs.tsx, /src/pages/print-hotlist.tsx, /src/pages/print-ticket.tsx, /src/pages/dashboard.tsx, /src/pages/vendor-analytics.tsx, /src/pages/crew-map.tsx, /src/pages/portal.tsx, /src/pages/verify-employee.tsx, /src/pages/vendor-catalog.tsx, /src/pages/admin-1099-transmitter.tsx, /src/pages/visitors.tsx, /src/pages/tickets.tsx, /src/pages/site-locations.tsx, /src/pages/vendors.tsx, /src/pages/field-employee-detail.tsx, /src/pages/admin-vendor-merges.tsx, /src/pages/print-visitor-qr.tsx, /src/pages/catalog.tsx, /src/pages/partner-detail.tsx, /src/pages/admin-vndrly.tsx, /src/pages/partner-analytics.tsx, /src/pages/site-location-detail.tsx, /src/pages/reports.tsx, /src/components/ui/dialog.tsx, /src/components/crew-time-section.tsx, /src/components/schedule-ticket-dialog.tsx, /src/components/org-members-card.tsx, /src/components/bulk-login-upload-dialog.tsx, /src/components/hotlist-section.tsx, /src/components/status-badge.tsx, /src/components/certifications-section.tsx, /src/components/compliance-card.tsx[22m
[2m7:10:39 PM[22m [36m[1m[vite][22m[39m [90m[2m(client)[22m[39m [33mhmr invalidate [39m[2m/src/hooks/use-brand.tsx[22m Could not Fast Refresh ("brandStyleVars" export is incompatible). Learn more at https://github.com/vitejs/vite-plugin-react/tree/main/packages/plugin-react#consistent-components-exports
[2m7:10:39 PM[22m [36m[1m[vite][22m[39m [90m[2m(client)[22m[39m [32mhmr update [39m[2m/src/App.tsx, /src/components/assistant-panel.tsx, /src/components/layout.tsx, /src/pages/vendor-detail.tsx, /src/pages/visit-public.tsx, /src/pages/visit-detail.tsx, /src/pages/partners.tsx, /src/pages/ticket-detail.tsx, /src/pages/field-employees.tsx, /src/pages/dashboard.tsx, /src/pages/vendor-analytics.tsx, /src/pages/portal.tsx, /src/pages/tickets.tsx, /src/pages/vendors.tsx, /src/pages/login.tsx, /src/pages/partner-detail.tsx, /src/pages/partner-analytics.tsx, /src/pages/site-location-detail.tsx, /src/components/language-toggle.tsx, /src/components/dark-light-toggle.tsx, /src/components/baker-pill-button.tsx, /src/components/sidebar-button.tsx, /src/components/pill.tsx, /src/components/toggle-pill.tsx, /src/components/ticket-route-map.tsx, /src/components/finish-setup-widget.tsx, /src/components/toggle-pill.tsx?t=1779037916[22m
[2m7:10:39 PM[22m [36m[1m[vite][22m[39m [90m[2m(client)[22m[39m [33mhmr invalidate [39m[2m/src/pages/reports.tsx[22m Could not Fast Refresh ("buildEditedCsv" export is incompatible). Learn more at https://github.com/vitejs/vite-plugin-react/tree/main/packages/plugin-react#consistent-components-exports
[2m7:10:39 PM[22m [36m[1m[vite][22m[39m [90m[2m(client)[22m[39m [32mhmr update [39m[2m/src/App.tsx[22m
[2m7:10:39 PM[22m [36m[1m[vite][22m[39m [90m[2m(client)[22m[39m [33mhmr invalidate [39m[2m/src/components/bulk-login-upload-dialog.tsx[22m Could not Fast Refresh ("parseBulkLoginCsv" export is incompatible). Learn more at https://github.com/vitejs/vite-plugin-react/tree/main/packages/plugin-react#consistent-components-exports
[2m7:10:39 PM[22m [36m[1m[vite][22m[39m [90m[2m(client)[22m[39m [32mhmr update [39m[2m/src/pages/field-employees.tsx[22m
[2m7:11:13 PM[22m [36m[1m[vite][22m[39m [90m[2m(client)[22m[39m [33mhmr invalidate [39m[2m/src/components/assistant-panel.tsx[22m Could not Fast Refresh ("detectSignupBrowserLanguage" export is incompatible). Learn more at https://github.com/vitejs/vite-plugin-react/tree/main/packages/plugin-react#consistent-components-exports
[2m7:11:13 PM[22m [36m[1m[vite][22m[39m [90m[2m(client)[22m[39m [32mhmr update [39m[2m/src/App.tsx[22m
[2m7:11:24 PM[22m [36m[1m[vite][22m[39m [90m[2m(client)[22m[39m [32mhmr update [39m[2m/src/pages/dashboard.tsx, /src/index.css[22m
[2m7:12:12 PM[22m [36m[1m[vite][22m[39m [90m[2m(client)[22m[39m [32mhmr update [39m[2m/src/pages/dashboard.tsx, /src/index.css[22m
[2m7:14:44 PM[22m [36m[1m[vite][22m[39m [90m[2m(client)[22m[39m [32mhmr update [39m[2m/src/index.css, /src/components/ticket-status-badge.tsx[22m
[2m7:15:03 PM[22m [36m[1m[vite][22m[39m [90m[2m(client)[22m[39m [32mhmr update [39m[2m/src/index.css, /src/components/ticket-status-toggle-pill.tsx[22m
[2m7:15:25 PM[22m [36m[1m[vite][22m[39m [90m[2m(client)[22m[39m [32mhmr update [39m[2m/src/index.css, /src/components/ticket-status-badge.tsx[22m
[2m7:15:57 PM[22m [36m[1m[vite][22m[39m [90m[2m(client)[22m[39m [32mhmr update [39m[2m/src/index.css, /src/components/ticket-status-toggle-pill.tsx[22m
[2m7:16:57 PM[22m [36m[1m[vite][22m[39m [90m[2m(client)[22m[39m [33mhmr invalidate [39m[2m/src/components/baker-pill-button.tsx[22m Could not Fast Refresh ("pickPillForBrand" export is incompatible). Learn more at https://github.com/vitejs/vite-plugin-react/tree/main/packages/plugin-react#consistent-components-exports
[2m7:16:57 PM[22m [36m[1m[vite][22m[39m [90m[2m(client)[22m[39m [32mhmr update [39m[2m/src/components/assistant-panel.tsx, /src/pages/vendor-detail.tsx, /src/pages/field-employees.tsx, /src/pages/login.tsx, /src/pages/partner-detail.tsx, /src/components/sidebar-button.tsx, /src/components/pill.tsx, /src/components/toggle-pill.tsx, /src/components/toggle-pill.tsx?t=1779037916, /src/pages/dashboard.tsx[22m
[2m7:16:57 PM[22m [36m[1m[vite][22m[39m [90m[2m(client)[22m[39m [33mhmr invalidate [39m[2m/src/components/pill.tsx[22m Could not Fast Refresh ("PILL_COLORS" export is incompatible). Learn more at https://github.com/vitejs/vite-plugin-react/tree/main/packages/plugin-react#consistent-components-exports
[2m7:16:57 PM[22m [36m[1m[vite][22m[39m [90m[2m(client)[22m[39m [32mhmr update [39m[2m/src/components/assistant-panel.tsx, /src/pages/bills-to-pay.tsx, /src/components/layout.tsx, /src/pages/vendor-detail.tsx, /src/pages/visit-public.tsx, /src/pages/ticket-detail.tsx, /src/pages/field-employees.tsx, /src/pages/notifications-inbox.tsx, /src/pages/notification-preferences.tsx, /src/pages/admin-1099-transmitter.tsx, /src/pages/admin-removed-comments.tsx, /src/pages/tickets.tsx, /src/pages/site-locations.tsx, /src/pages/field-employee-detail.tsx, /src/pages/onboarding-partner.tsx, /src/pages/onboarding-vendor.tsx, /src/pages/admin-vendor-merges.tsx, /src/pages/onboarding-field.tsx, /src/pages/partner-detail.tsx, /src/pages/admin-vndrly.tsx, /src/pages/admin-rate-limits.tsx, /src/pages/site-location-detail.tsx, /src/pages/invoice-detail.tsx, /src/pages/reports.tsx, /src/components/square-logo-crop-dialog.tsx, /src/components/portal-button.tsx, /src/components/green-button.tsx, /src/components/crew-time-section.tsx, /src/components/comments-panel.tsx, /src/components/schedule-ticket-dialog.tsx, /src/components/bulk-login-upload-dialog.tsx, /src/components/light-grey-red-button.tsx, /src/components/finish-setup-widget.tsx, /src/components/certifications-section.tsx, /src/components/onboarding-verification-banner.tsx, /src/components/onboarding-pill-button.tsx, /src/components/green-square-button.tsx, /src/components/orange-button.tsx, /src/components/go-to-page-form.tsx, /src/pages/reports/qb-mapping-audit.tsx, /src/pages/reports/csv-import-preview.tsx, /src/pages/reports/bulk-actions-history.tsx[22m
[2m7:16:57 PM[22m [36m[1m[vite][22m[39m [90m[2m(client)[22m[39m [33mhmr invalidate [39m[2m/src/components/toggle-pill.tsx[22m Could not Fast Refresh ("TOGGLE_PILL_COLORS" export is incompatible). Learn more at https://github.com/vitejs/vite-plugin-react/tree/main/packages/plugin-react#consistent-components-exports
[2m7:16:57 PM[22m [36m[1m[vite][22m[39m [90m[2m(client)[22m[39m [32mhmr update [39m[2m/src/components/change-password-modal.tsx, /src/pages/field-home.tsx, /src/pages/billing-settings.tsx, /src/pages/vendor-detail.tsx, /src/pages/field-new-ticket.tsx, /src/pages/visit-public.tsx, /src/pages/signup.tsx, /src/pages/field-compliance.tsx, /src/pages/visit-detail.tsx, /src/pages/partners.tsx, /src/pages/ticket-detail.tsx, /src/pages/field-employees.tsx, /src/pages/invoices.tsx, /src/pages/visitor-entry.tsx, /src/pages/dashboard.tsx, /src/pages/crew-map.tsx, /src/pages/portal.tsx, /src/pages/vendor-catalog.tsx, /src/pages/visitors.tsx, /src/pages/field-profile.tsx, /src/pages/field-edit-profile.tsx, /src/pages/tickets.tsx, /src/pages/site-locations.tsx, /src/pages/vendors.tsx, /src/pages/field-schedule.tsx, /src/pages/reset-password.tsx, /src/pages/field-employee-detail.tsx, /src/pages/statement.tsx, /src/pages/onboarding-partner.tsx, /src/pages/onboarding-field.tsx, /src/pages/catalog.tsx, /src/pages/partner-detail.tsx, /src/pages/admin-vndrly.tsx, /src/pages/forgot-password.tsx, /src/pages/site-location-detail.tsx, /src/pages/invoice-detail.tsx, /src/pages/reports.tsx, /src/components/refer-to-vndrly-dialog.tsx, /src/components/vendor-partner-relationships-card.tsx, /src/components/org-members-card.tsx, /src/components/brand-zoom-control.tsx, /src/components/ticket-status-action-pill.tsx, /src/components/comments-panel.tsx, /src/components/schedule-ticket-dialog.tsx, /src/components/bulk-login-upload-dialog.tsx, /src/components/account-actions.tsx, /src/components/hotlist-section.tsx, /src/components/certifications-section.tsx, /src/components/compliance-card.tsx, /src/components/partner-vendor-approvals-card.tsx[22m
[2m7:19:31 PM[22m [36m[1m[vite][22m[39m [90m[2m(client)[22m[39m [32mhmr update [39m[2m/src/index.css, /src/components/ticket-status-toggle-pill.tsx[22m
[2m7:20:47 PM[22m [36m[1m[vite][22m[39m [90m[2m(client)[22m[39m [32mhmr update [39m[2m/src/pages/dashboard.tsx, /src/index.css[22m
[2m1:03:21 AM[22m [36m[1m[vite][22m[39m [90m[2m(client)[22m[39m [32mhmr update [39m[2m/src/pages/dashboard.tsx, /src/components/ticket-status-badge.tsx, /src/components/ticket-status-action-pill.tsx, /src/components/ticket-status-toggle-pill.tsx, /src/components/vertical-pill-bar-shape.tsx[22m
[2m1:03:32 AM[22m [36m[1m[vite][22m[39m [90m[2m(client)[22m[39m [32mhmr update [39m[2m/src/pages/dashboard.tsx, /src/index.css[22m
[2m1:04:02 AM[22m [36m[1m[vite][22m[39m [90m[2m(client)[22m[39m [32mhmr update [39m[2m/src/pages/dashboard.tsx, /src/index.css[22m
[2m1:04:03 AM[22m [36m[1m[vite][22m[39m [90m[2m(client)[22m[39m [32mhmr update [39m[2m/src/pages/dashboard.tsx, /src/index.css[22m
[2m1:04:44 AM[22m [36m[1m[vite][22m[39m [90m[2m(client)[22m[39m [32mhmr update [39m[2m/src/pages/reports.tsx[22m
[2m1:05:03 AM[22m [36m[1m[vite][22m[39m [90m[2m(client)[22m[39m [32mhmr update [39m[2m/src/hooks/use-brand.tsx, /src/pages/billing-settings.tsx, /src/components/layout.tsx, /src/pages/vendor-detail.tsx, /src/pages/field-new-ticket.tsx, /src/pages/site-map.tsx, /src/pages/partners.tsx, /src/pages/ticket-detail.tsx, /src/pages/field-employees.tsx, /src/pages/print-visitor-qrs.tsx, /src/pages/print-hotlist.tsx, /src/pages/print-ticket.tsx, /src/pages/dashboard.tsx, /src/pages/vendor-analytics.tsx, /src/pages/crew-map.tsx, /src/pages/portal.tsx, /src/pages/verify-employee.tsx, /src/pages/vendor-catalog.tsx, /src/pages/admin-1099-transmitter.tsx, /src/pages/visitors.tsx, /src/pages/tickets.tsx, /src/pages/site-locations.tsx, /src/pages/vendors.tsx, /src/pages/field-employee-detail.tsx, /src/pages/admin-vendor-merges.tsx, /src/pages/print-visitor-qr.tsx, /src/pages/catalog.tsx, /src/pages/partner-detail.tsx, /src/pages/admin-vndrly.tsx, /src/pages/partner-analytics.tsx, /src/pages/site-location-detail.tsx, /src/pages/reports.tsx, /src/components/ui/dialog.tsx, /src/components/crew-time-section.tsx, /src/components/schedule-ticket-dialog.tsx, /src/components/org-members-card.tsx, /src/components/bulk-login-upload-dialog.tsx, /src/components/hotlist-section.tsx, /src/components/status-badge.tsx, /src/components/certifications-section.tsx, /src/components/compliance-card.tsx[22m
[2m1:05:12 AM[22m [36m[1m[vite][22m[39m [90m[2m(client)[22m[39m [33mhmr invalidate [39m[2m/src/hooks/use-brand.tsx[22m Could not Fast Refresh ("brandStyleVars" export is incompatible). Learn more at https://github.com/vitejs/vite-plugin-react/tree/main/packages/plugin-react#consistent-components-exports
[2m1:05:12 AM[22m [36m[1m[vite][22m[39m [90m[2m(client)[22m[39m [32mhmr update [39m[2m/src/App.tsx, /src/components/assistant-panel.tsx, /src/components/layout.tsx, /src/pages/vendor-detail.tsx, /src/pages/visit-public.tsx, /src/pages/visit-detail.tsx, /src/pages/partners.tsx, /src/pages/ticket-detail.tsx, /src/pages/field-employees.tsx, /src/pages/dashboard.tsx, /src/pages/vendor-analytics.tsx, /src/pages/portal.tsx, /src/pages/tickets.tsx, /src/pages/vendors.tsx, /src/pages/login.tsx, /src/pages/partner-detail.tsx, /src/pages/partner-analytics.tsx, /src/pages/site-location-detail.tsx, /src/components/language-toggle.tsx, /src/components/dark-light-toggle.tsx, /src/components/baker-pill-button.tsx, /src/components/sidebar-button.tsx, /src/components/pill.tsx, /src/components/toggle-pill.tsx, /src/components/ticket-route-map.tsx, /src/components/finish-setup-widget.tsx, /src/components/toggle-pill.tsx?t=1779037916[22m
[2m1:05:12 AM[22m [36m[1m[vite][22m[39m [90m[2m(client)[22m[39m [33mhmr invalidate [39m[2m/src/pages/reports.tsx[22m Could not Fast Refresh ("buildEditedCsv" export is incompatible). Learn more at https://github.com/vitejs/vite-plugin-react/tree/main/packages/plugin-react#consistent-components-exports
[2m1:05:12 AM[22m [36m[1m[vite][22m[39m [90m[2m(client)[22m[39m [32mhmr update [39m[2m/src/App.tsx[22m
[2m1:05:12 AM[22m [36m[1m[vite][22m[39m [90m[2m(client)[22m[39m [33mhmr invalidate [39m[2m/src/components/bulk-login-upload-dialog.tsx[22m Could not Fast Refresh ("parseBulkLoginCsv" export is incompatible). Learn more at https://github.com/vitejs/vite-plugin-react/tree/main/packages/plugin-react#consistent-components-exports
[2m1:05:12 AM[22m [36m[1m[vite][22m[39m [90m[2m(client)[22m[39m [32mhmr update [39m[2m/src/pages/field-employees.tsx[22m
[2m1:05:47 AM[22m [36m[1m[vite][22m[39m [90m[2m(client)[22m[39m [33mhmr invalidate [39m[2m/src/components/assistant-panel.tsx[22m Could not Fast Refresh ("detectSignupBrowserLanguage" export is incompatible). Learn more at https://github.com/vitejs/vite-plugin-react/tree/main/packages/plugin-react#consistent-components-exports
[2m1:05:47 AM[22m [36m[1m[vite][22m[39m [90m[2m(client)[22m[39m [32mhmr update [39m[2m/src/App.tsx[22m
[2m1:10:44 AM[22m [36m[1m[vite][22m[39m [90m[2m(client)[22m[39m [32mhmr update [39m[2m/src/pages/dashboard.tsx, /src/index.css[22m
[2m1:13:36 AM[22m [36m[1m[vite][22m[39m [90m[2m(client)[22m[39m [32mhmr update [39m[2m/src/pages/dashboard.tsx, /src/index.css[22m
[2m1:14:21 AM[22m [36m[1m[vite][22m[39m [90m[2m(client)[22m[39m [32mhmr update [39m[2m/src/pages/dashboard.tsx, /src/index.css[22m
[2m1:14:43 AM[22m [36m[1m[vite][22m[39m [90m[2m(client)[22m[39m [32mhmr update [39m[2m/src/pages/dashboard.tsx, /src/index.css[22m
[2m1:15:10 AM[22m [36m[1m[vite][22m[39m [90m[2m(client)[22m[39m [32mhmr update [39m[2m/src/pages/dashboard.tsx, /src/index.css[22m
[2m1:22:10 AM[22m [36m[1m[vite][22m[39m [90m[2m(client)[22m[39m [32mhmr update [39m[2m/src/index.css, /src/components/ui/card.tsx[22m
[2m1:33:58 AM[22m [36m[1m[vite][22m[39m [90m[2m(client)[22m[39m [32mhmr update [39m[2m/src/index.css, /src/components/ticket-status-action-pill.tsx[22m
[2m1:55:27 AM[22m [36m[1m[vite][22m[39m [90m[2m(client)[22m[39m [32mhmr update [39m[2m/src/index.css, /src/components/ticket-status-action-pill.tsx[22m
[2m2:03:42 AM[22m [36m[1m[vite][22m[39m [90m[2m(client)[22m[39m [32mhmr update [39m[2m/src/pages/ticket-detail.tsx, /src/index.css[22m
[2m2:03:56 AM[22m [36m[1m[vite][22m[39m [90m[2m(client)[22m[39m [32mhmr update [39m[2m/src/pages/ticket-detail.tsx, /src/index.css[22m
[2m2:04:17 AM[22m [36m[1m[vite][22m[39m [90m[2m(client)[22m[39m [32mhmr update [39m[2m/src/pages/ticket-detail.tsx, /src/index.css[22m
[2m2:04:39 AM[22m [36m[1m[vite][22m[39m [90m[2m(client)[22m[39m [32mhmr update [39m[2m/src/pages/ticket-detail.tsx, /src/index.css[22m
[2m2:04:40 AM[22m [36m[1m[vite][22m[39m [90m[2m(client)[22m[39m [32mhmr update [39m[2m/src/pages/ticket-detail.tsx, /src/index.css[22m
[2m2:05:46 AM[22m [36m[1m[vite][22m[39m [90m[2m(client)[22m[39m [32mhmr update [39m[2m/src/pages/ticket-detail.tsx, /src/index.css[22m
[2m2:05:46 AM[22m [36m[1m[vite][22m[39m [90m[2m(client)[22m[39m [32mhmr update [39m[2m/src/pages/ticket-detail.tsx, /src/index.css[22m
[2m2:20:23 AM[22m [36m[1m[vite][22m[39m [90m[2m(client)[22m[39m [32mhmr update [39m[2m/src/pages/ticket-detail.tsx, /src/index.css[22m
[2m2:20:29 AM[22m [36m[1m[vite][22m[39m [90m[2m(client)[22m[39m [32mhmr update [39m[2m/src/pages/catalog.tsx, /src/index.css[22m
[2m2:20:36 AM[22m [36m[1m[vite][22m[39m [90m[2m(client)[22m[39m [32mhmr update [39m[2m/src/pages/vendor-catalog.tsx, /src/index.css[22m
[2m2:20:41 AM[22m [36m[1m[vite][22m[39m [90m[2m(client)[22m[39m [32mhmr update [39m[2m/src/pages/site-location-detail.tsx, /src/index.css[22m
[2m2:20:41 AM[22m [36m[1m[vite][22m[39m [90m[2m(client)[22m[39m [32mhmr update [39m[2m/src/pages/site-location-detail.tsx, /src/index.css[22m
[2m2:20:49 AM[22m [36m[1m[vite][22m[39m [90m[2m(client)[22m[39m [32mhmr update [39m[2m/src/pages/portal.tsx, /src/index.css[22m
